<?xml version="1.0" encoding="UTF-8"?>
<!-- Generated by org.testng.reporters.JUnitReportReporter -->
<testsuite hostname="BINTERNS-QA16L" failures="0" tests="1" name="grid_selenium.test2Test" time="6.571" errors="0" timestamp="2023-03-15T12:03:14 IST" skipped="0">
  <testcase classname="grid_selenium.test2Test" name="login" time="6.571"/>
  <system-out/>
</testsuite> <!-- grid_selenium.test2Test -->
