<?xml version="1.0" encoding="UTF-8"?>
<!-- Generated by org.testng.reporters.JUnitReportReporter -->
<testsuite hostname="BINTERNS-QA16L" failures="0" tests="1" name="annotations_demo.test1_1Test" time="0.006" errors="0" timestamp="2023-03-06T11:01:10 IST" skipped="0">
  <testcase classname="annotations_demo.test1_1Test" name="xyz" time="0.006"/>
  <system-out/>
</testsuite> <!-- annotations_demo.test1_1Test -->
