<?xml version="1.0" encoding="UTF-8"?>
<!-- Generated by org.testng.reporters.JUnitReportReporter -->
<testsuite hostname="BINTERNS-QA16L" failures="0" tests="1" name="annotations.groupingTest" time="0.009" errors="0" timestamp="2023-03-06T15:27:28 IST" skipped="0">
  <testcase classname="annotations.groupingTest" name="login" time="0.009"/>
  <system-out/>
</testsuite> <!-- annotations.groupingTest -->
