<?xml version="1.0" encoding="UTF-8"?>
<!-- Generated by org.testng.reporters.JUnitReportReporter -->
<testsuite hostname="BINTERNS-QA16L" failures="0" tests="1" name="annotations_demo.test2_2Test" time="0.001" errors="0" timestamp="2023-03-06T11:01:10 IST" skipped="0">
  <testcase classname="annotations_demo.test2_2Test" name="abc" time="0.001"/>
  <system-out/>
</testsuite> <!-- annotations_demo.test2_2Test -->
