<?xml version="1.0" encoding="UTF-8"?>
<!-- Generated by org.testng.reporters.JUnitReportReporter -->
<testsuite hostname="BINTERNS-QA16L" failures="0" tests="1" name="annotations.all_annotationsTest" time="0.004" errors="0" timestamp="2023-03-21T15:49:26 IST" skipped="0">
  <testcase classname="annotations.all_annotationsTest" name="test" time="0.004"/>
  <system-out/>
</testsuite> <!-- annotations.all_annotationsTest -->
