<?xml version="1.0" encoding="UTF-8"?>
<!-- Generated by org.testng.reporters.JUnitReportReporter -->
<testsuite hostname="BINTERNS-QA16L" failures="0" tests="9" name="Task_1.Test_classTest" time="73.619" errors="0" timestamp="2023-03-28T11:15:30 IST" skipped="0">
  <testcase classname="Task_1.Test_classTest" name="createAccount" time="6.966"/>
  <system-out/>
  <testcase classname="Task_1.Test_classTest" name="create" time="6.965"/>
  <system-out/>
  <testcase classname="Task_1.Test_classTest" name="Account" time="6.917"/>
  <system-out/>
  <testcase classname="Task_1.Test_classTest" name="cAccount" time="6.653"/>
  <system-out/>
  <testcase classname="Task_1.Test_classTest" name="createA" time="13.042"/>
  <system-out/>
  <testcase classname="Task_1.Test_classTest" name="createAcc" time="7.171"/>
  <system-out/>
  <testcase classname="Task_1.Test_classTest" name="createe" time="6.829"/>
  <system-out/>
  <testcase classname="Task_1.Test_classTest" name="created" time="7.113"/>
  <system-out/>
  <testcase classname="Task_1.Test_classTest" name="createdd" time="11.963"/>
  <system-out/>
</testsuite> <!-- Task_1.Test_classTest -->
