<?xml version="1.0" encoding="UTF-8"?>
<!-- Generated by org.testng.reporters.JUnitReportReporter -->
<testsuite hostname="BINTERNS-QA16L" failures="0" tests="1" name="pageObjectModel.normalApproachTest" time="2.447" errors="0" timestamp="2023-03-13T18:33:24 IST" skipped="0">
  <testcase classname="pageObjectModel.normalApproachTest" name="createAccount" time="2.447"/>
  <system-out/>
</testsuite> <!-- pageObjectModel.normalApproachTest -->
