<?xml version="1.0" encoding="UTF-8"?>
<!-- Generated by org.testng.reporters.JUnitReportReporter -->
<testsuite hostname="BINTERNS-QA16L" failures="0" tests="1" name="grid_selenium.grid1Test" time="5.089" errors="0" timestamp="2023-03-15T12:03:14 IST" skipped="0">
  <testcase classname="grid_selenium.grid1Test" name="loginpage" time="5.089"/>
  <system-out/>
</testsuite> <!-- grid_selenium.grid1Test -->
