<?xml version="1.0" encoding="UTF-8"?>
<!-- Generated by org.testng.reporters.JUnitReportReporter -->
<testsuite hostname="BINTERNS-QA16L" failures="0" tests="9" name="Framework.TestTest" time="69.474" errors="0" timestamp="2023-03-28T16:43:40 IST" skipped="0">
  <testcase classname="Framework.TestTest" name="createAccount" time="7.781"/>
  <system-out/>
  <testcase classname="Framework.TestTest" name="create" time="6.935"/>
  <system-out/>
  <testcase classname="Framework.TestTest" name="Account" time="6.979"/>
  <system-out/>
  <testcase classname="Framework.TestTest" name="cAccount" time="6.403"/>
  <system-out/>
  <testcase classname="Framework.TestTest" name="createA" time="6.550"/>
  <system-out/>
  <testcase classname="Framework.TestTest" name="createAcc" time="7.548"/>
  <system-out/>
  <testcase classname="Framework.TestTest" name="createe" time="6.695"/>
  <system-out/>
  <testcase classname="Framework.TestTest" name="created" time="7.971"/>
  <system-out/>
  <testcase classname="Framework.TestTest" name="createdd" time="12.612"/>
  <system-out/>
</testsuite> <!-- Framework.TestTest -->
