<?xml version="1.0" encoding="UTF-8"?>
<!-- Generated by org.testng.reporters.JUnitReportReporter -->
<testsuite hostname="BINTERNS-QA16L" failures="0" tests="3" name="testNG.Test_demoTest" time="0.019" errors="0" timestamp="2023-03-03T12:10:10 IST" skipped="0">
  <testcase classname="testNG.Test_demoTest" name="openapp" time="0.015"/>
  <system-out/>
  <testcase classname="testNG.Test_demoTest" name="login" time="0.002"/>
  <system-out/>
  <testcase classname="testNG.Test_demoTest" name="closeapp" time="0.002"/>
  <system-out/>
</testsuite> <!-- testNG.Test_demoTest -->
